{"/Users/robertmayo/Development/Codesmith/projects/EasyCourt/main/client/App.jsx": {"path":"/Users/robertmayo/Development/Codesmith/projects/EasyCourt/main/client/App.jsx","statementMap":{"0":{"start":{"line":4,"column":12},"end":{"line":8,"column":1}},"1":{"start":{"line":5,"column":2},"end":{"line":7,"column":4}}},"fnMap":{"0":{"name":"(anonymous_0)","decl":{"start":{"line":4,"column":12},"end":{"line":4,"column":13}},"loc":{"start":{"line":4,"column":18},"end":{"line":8,"column":1}},"line":4}},"branchMap":{},"s":{"0":1,"1":0},"f":{"0":0},"b":{},"_coverageSchema":"1a1c01bbd47fc00a2c39e90264f33305004495a9","hash":"57b781788cb76840f31e11f209c5555b578c7d8b"}
,"/Users/robertmayo/Development/Codesmith/projects/EasyCourt/main/client/redux/store.js": {"path":"/Users/robertmayo/Development/Codesmith/projects/EasyCourt/main/client/redux/store.js","statementMap":{"0":{"start":{"line":7,"column":21},"end":{"line":14,"column":2}}},"fnMap":{},"branchMap":{},"s":{"0":1},"f":{},"b":{},"_coverageSchema":"1a1c01bbd47fc00a2c39e90264f33305004495a9","hash":"9ef12dd10f860f1e282d0aa2d76f9cabf2b7eaa1"}
,"/Users/robertmayo/Development/Codesmith/projects/EasyCourt/main/client/redux/components/Favorite.jsx": {"path":"/Users/robertmayo/Development/Codesmith/projects/EasyCourt/main/client/redux/components/Favorite.jsx","statementMap":{"0":{"start":{"line":12,"column":17},"end":{"line":30,"column":1}},"1":{"start":{"line":13,"column":4},"end":{"line":29,"column":6}},"2":{"start":{"line":27,"column":35},"end":{"line":27,"column":64}}},"fnMap":{"0":{"name":"(anonymous_0)","decl":{"start":{"line":12,"column":17},"end":{"line":12,"column":18}},"loc":{"start":{"line":12,"column":28},"end":{"line":30,"column":1}},"line":12},"1":{"name":"(anonymous_1)","decl":{"start":{"line":27,"column":29},"end":{"line":27,"column":30}},"loc":{"start":{"line":27,"column":35},"end":{"line":27,"column":64}},"line":27}},"branchMap":{},"s":{"0":2,"1":4,"2":1},"f":{"0":4,"1":1},"b":{},"_coverageSchema":"1a1c01bbd47fc00a2c39e90264f33305004495a9","hash":"e6a87c1e020df9568964787fcc5cdb34dbb9e53d"}
,"/Users/robertmayo/Development/Codesmith/projects/EasyCourt/main/client/redux/components/Header.jsx": {"path":"/Users/robertmayo/Development/Codesmith/projects/EasyCourt/main/client/redux/components/Header.jsx","statementMap":{"0":{"start":{"line":10,"column":15},"end":{"line":35,"column":1}},"1":{"start":{"line":12,"column":2},"end":{"line":34,"column":4}}},"fnMap":{"0":{"name":"(anonymous_0)","decl":{"start":{"line":10,"column":15},"end":{"line":10,"column":16}},"loc":{"start":{"line":10,"column":21},"end":{"line":35,"column":1}},"line":10}},"branchMap":{},"s":{"0":1,"1":0},"f":{"0":0},"b":{},"_coverageSchema":"1a1c01bbd47fc00a2c39e90264f33305004495a9","hash":"3c0c5c5825dfecfd280c9a44d5d866a1f4d3187a"}
,"/Users/robertmayo/Development/Codesmith/projects/EasyCourt/main/client/redux/components/Map.jsx": {"path":"/Users/robertmayo/Development/Codesmith/projects/EasyCourt/main/client/redux/components/Map.jsx","statementMap":{"0":{"start":{"line":8,"column":12},"end":{"line":38,"column":1}},"1":{"start":{"line":9,"column":19},"end":{"line":9,"column":32}},"2":{"start":{"line":11,"column":27},"end":{"line":11,"column":60}},"3":{"start":{"line":11,"column":50},"end":{"line":11,"column":59}},"4":{"start":{"line":12,"column":17},"end":{"line":12,"column":35}},"5":{"start":{"line":14,"column":2},"end":{"line":31,"column":21}},"6":{"start":{"line":15,"column":4},"end":{"line":15,"column":24}},"7":{"start":{"line":17,"column":4},"end":{"line":30,"column":5}},"8":{"start":{"line":19,"column":21},"end":{"line":19,"column":34}},"9":{"start":{"line":20,"column":6},"end":{"line":29,"column":7}},"10":{"start":{"line":21,"column":8},"end":{"line":24,"column":11}},"11":{"start":{"line":25,"column":8},"end":{"line":25,"column":55}},"12":{"start":{"line":27,"column":8},"end":{"line":27,"column":41}},"13":{"start":{"line":28,"column":8},"end":{"line":28,"column":37}},"14":{"start":{"line":33,"column":2},"end":{"line":37,"column":4}}},"fnMap":{"0":{"name":"(anonymous_0)","decl":{"start":{"line":8,"column":12},"end":{"line":8,"column":13}},"loc":{"start":{"line":8,"column":18},"end":{"line":38,"column":1}},"line":8},"1":{"name":"(anonymous_1)","decl":{"start":{"line":11,"column":39},"end":{"line":11,"column":40}},"loc":{"start":{"line":11,"column":50},"end":{"line":11,"column":59}},"line":11},"2":{"name":"(anonymous_2)","decl":{"start":{"line":14,"column":12},"end":{"line":14,"column":13}},"loc":{"start":{"line":14,"column":18},"end":{"line":31,"column":3}},"line":14}},"branchMap":{"0":{"loc":{"start":{"line":17,"column":4},"end":{"line":30,"column":5}},"type":"if","locations":[{"start":{"line":17,"column":4},"end":{"line":30,"column":5}},{"start":{},"end":{}}],"line":17},"1":{"loc":{"start":{"line":17,"column":8},"end":{"line":17,"column":22}},"type":"binary-expr","locations":[{"start":{"line":17,"column":8},"end":{"line":17,"column":14}},{"start":{"line":17,"column":18},"end":{"line":17,"column":22}}],"line":17},"2":{"loc":{"start":{"line":20,"column":6},"end":{"line":29,"column":7}},"type":"if","locations":[{"start":{"line":20,"column":6},"end":{"line":29,"column":7}},{"start":{"line":26,"column":13},"end":{"line":29,"column":7}}],"line":20}},"s":{"0":1,"1":0,"2":0,"3":0,"4":0,"5":0,"6":0,"7":0,"8":0,"9":0,"10":0,"11":0,"12":0,"13":0,"14":0},"f":{"0":0,"1":0,"2":0},"b":{"0":[0,0],"1":[0,0],"2":[0,0]},"_coverageSchema":"1a1c01bbd47fc00a2c39e90264f33305004495a9","hash":"1c459c9c1a3860c0c31c2de7f6f9cce66b6d1218"}
,"/Users/robertmayo/Development/Codesmith/projects/EasyCourt/main/client/redux/components/ResultsCard.jsx": {"path":"/Users/robertmayo/Development/Codesmith/projects/EasyCourt/main/client/redux/components/ResultsCard.jsx","statementMap":{"0":{"start":{"line":9,"column":20},"end":{"line":68,"column":1}},"1":{"start":{"line":10,"column":21},"end":{"line":10,"column":34}},"2":{"start":{"line":14,"column":23},"end":{"line":20,"column":5}},"3":{"start":{"line":14,"column":29},"end":{"line":20,"column":5}},"4":{"start":{"line":22,"column":26},"end":{"line":28,"column":5}},"5":{"start":{"line":22,"column":32},"end":{"line":28,"column":5}},"6":{"start":{"line":29,"column":4},"end":{"line":67,"column":6}}},"fnMap":{"0":{"name":"(anonymous_0)","decl":{"start":{"line":9,"column":20},"end":{"line":9,"column":21}},"loc":{"start":{"line":9,"column":31},"end":{"line":68,"column":1}},"line":9},"1":{"name":"(anonymous_1)","decl":{"start":{"line":14,"column":23},"end":{"line":14,"column":24}},"loc":{"start":{"line":14,"column":29},"end":{"line":20,"column":5}},"line":14},"2":{"name":"(anonymous_2)","decl":{"start":{"line":22,"column":26},"end":{"line":22,"column":27}},"loc":{"start":{"line":22,"column":32},"end":{"line":28,"column":5}},"line":22}},"branchMap":{},"s":{"0":1,"1":0,"2":0,"3":0,"4":0,"5":0,"6":0},"f":{"0":0,"1":0,"2":0},"b":{},"_coverageSchema":"1a1c01bbd47fc00a2c39e90264f33305004495a9","hash":"44679abe52fda25f0070d1fa8f3bcf9cc9e822cb"}
,"/Users/robertmayo/Development/Codesmith/projects/EasyCourt/main/client/redux/components/SearchForm.jsx": {"path":"/Users/robertmayo/Development/Codesmith/projects/EasyCourt/main/client/redux/components/SearchForm.jsx","statementMap":{"0":{"start":{"line":9,"column":19},"end":{"line":106,"column":1}},"1":{"start":{"line":10,"column":21},"end":{"line":10,"column":34}},"2":{"start":{"line":11,"column":19},"end":{"line":11,"column":32}},"3":{"start":{"line":12,"column":30},"end":{"line":12,"column":81}},"4":{"start":{"line":12,"column":53},"end":{"line":12,"column":80}},"5":{"start":{"line":14,"column":25},"end":{"line":67,"column":5}},"6":{"start":{"line":16,"column":8},"end":{"line":16,"column":33}},"7":{"start":{"line":18,"column":25},"end":{"line":18,"column":69}},"8":{"start":{"line":20,"column":8},"end":{"line":20,"column":42}},"9":{"start":{"line":21,"column":8},"end":{"line":66,"column":15}},"10":{"start":{"line":28,"column":30},"end":{"line":28,"column":45}},"11":{"start":{"line":30,"column":16},"end":{"line":30,"column":60}},"12":{"start":{"line":31,"column":35},"end":{"line":31,"column":52}},"13":{"start":{"line":33,"column":29},"end":{"line":33,"column":53}},"14":{"start":{"line":34,"column":29},"end":{"line":34,"column":53}},"15":{"start":{"line":35,"column":34},"end":{"line":35,"column":62}},"16":{"start":{"line":36,"column":16},"end":{"line":36,"column":68}},"17":{"start":{"line":39,"column":16},"end":{"line":65,"column":19}},"18":{"start":{"line":40,"column":35},"end":{"line":40,"column":81}},"19":{"start":{"line":41,"column":35},"end":{"line":45,"column":22}},"20":{"start":{"line":46,"column":20},"end":{"line":58,"column":23}},"21":{"start":{"line":47,"column":43},"end":{"line":55,"column":26}},"22":{"start":{"line":57,"column":24},"end":{"line":57,"column":60}},"23":{"start":{"line":60,"column":20},"end":{"line":64,"column":24}},"24":{"start":{"line":69,"column":4},"end":{"line":105,"column":6}}},"fnMap":{"0":{"name":"(anonymous_0)","decl":{"start":{"line":9,"column":19},"end":{"line":9,"column":20}},"loc":{"start":{"line":9,"column":30},"end":{"line":106,"column":1}},"line":9},"1":{"name":"(anonymous_1)","decl":{"start":{"line":12,"column":42},"end":{"line":12,"column":43}},"loc":{"start":{"line":12,"column":53},"end":{"line":12,"column":80}},"line":12},"2":{"name":"(anonymous_2)","decl":{"start":{"line":14,"column":25},"end":{"line":14,"column":26}},"loc":{"start":{"line":14,"column":31},"end":{"line":67,"column":5}},"line":14},"3":{"name":"(anonymous_3)","decl":{"start":{"line":28,"column":18},"end":{"line":28,"column":19}},"loc":{"start":{"line":28,"column":30},"end":{"line":28,"column":45}},"line":28},"4":{"name":"(anonymous_4)","decl":{"start":{"line":29,"column":18},"end":{"line":29,"column":19}},"loc":{"start":{"line":29,"column":30},"end":{"line":66,"column":13}},"line":29},"5":{"name":"(anonymous_5)","decl":{"start":{"line":39,"column":33},"end":{"line":39,"column":34}},"loc":{"start":{"line":39,"column":41},"end":{"line":65,"column":17}},"line":39},"6":{"name":"(anonymous_6)","decl":{"start":{"line":46,"column":48},"end":{"line":46,"column":49}},"loc":{"start":{"line":46,"column":54},"end":{"line":58,"column":21}},"line":46}},"branchMap":{},"s":{"0":1,"1":0,"2":0,"3":0,"4":0,"5":0,"6":0,"7":0,"8":0,"9":0,"10":0,"11":0,"12":0,"13":0,"14":0,"15":0,"16":0,"17":0,"18":0,"19":0,"20":0,"21":0,"22":0,"23":0,"24":0},"f":{"0":0,"1":0,"2":0,"3":0,"4":0,"5":0,"6":0},"b":{},"_coverageSchema":"1a1c01bbd47fc00a2c39e90264f33305004495a9","hash":"4fc68b44158663042a6c1abda81a80afc3452b61"}
,"/Users/robertmayo/Development/Codesmith/projects/EasyCourt/main/client/redux/containers/DisplayContainer.jsx": {"path":"/Users/robertmayo/Development/Codesmith/projects/EasyCourt/main/client/redux/containers/DisplayContainer.jsx","statementMap":{"0":{"start":{"line":9,"column":25},"end":{"line":27,"column":1}},"1":{"start":{"line":10,"column":4},"end":{"line":26,"column":6}}},"fnMap":{"0":{"name":"(anonymous_0)","decl":{"start":{"line":9,"column":25},"end":{"line":9,"column":26}},"loc":{"start":{"line":9,"column":31},"end":{"line":27,"column":1}},"line":9}},"branchMap":{},"s":{"0":1,"1":0},"f":{"0":0},"b":{},"_coverageSchema":"1a1c01bbd47fc00a2c39e90264f33305004495a9","hash":"bbc8229755f1e9db4cbe8cbb444e57498323e052"}
,"/Users/robertmayo/Development/Codesmith/projects/EasyCourt/main/client/redux/containers/FavoritesContainer.jsx": {"path":"/Users/robertmayo/Development/Codesmith/projects/EasyCourt/main/client/redux/containers/FavoritesContainer.jsx","statementMap":{"0":{"start":{"line":11,"column":27},"end":{"line":72,"column":1}},"1":{"start":{"line":12,"column":22},"end":{"line":12,"column":61}},"2":{"start":{"line":12,"column":45},"end":{"line":12,"column":60}},"3":{"start":{"line":13,"column":21},"end":{"line":13,"column":34}},"4":{"start":{"line":14,"column":25},"end":{"line":16,"column":5}},"5":{"start":{"line":15,"column":8},"end":{"line":15,"column":41}},"6":{"start":{"line":18,"column":30},"end":{"line":22,"column":6}},"7":{"start":{"line":19,"column":8},"end":{"line":21,"column":15}},"8":{"start":{"line":24,"column":4},"end":{"line":71,"column":6}}},"fnMap":{"0":{"name":"(anonymous_0)","decl":{"start":{"line":11,"column":27},"end":{"line":11,"column":28}},"loc":{"start":{"line":11,"column":33},"end":{"line":72,"column":1}},"line":11},"1":{"name":"(anonymous_1)","decl":{"start":{"line":12,"column":34},"end":{"line":12,"column":35}},"loc":{"start":{"line":12,"column":45},"end":{"line":12,"column":60}},"line":12},"2":{"name":"(anonymous_2)","decl":{"start":{"line":14,"column":25},"end":{"line":14,"column":26}},"loc":{"start":{"line":14,"column":33},"end":{"line":16,"column":5}},"line":14},"3":{"name":"(anonymous_3)","decl":{"start":{"line":18,"column":44},"end":{"line":18,"column":45}},"loc":{"start":{"line":19,"column":8},"end":{"line":21,"column":15}},"line":19}},"branchMap":{},"s":{"0":1,"1":0,"2":0,"3":0,"4":0,"5":0,"6":0,"7":0,"8":0},"f":{"0":0,"1":0,"2":0,"3":0},"b":{},"_coverageSchema":"1a1c01bbd47fc00a2c39e90264f33305004495a9","hash":"39494306fc9bf860d863ed916e29b9477cc0d724"}
,"/Users/robertmayo/Development/Codesmith/projects/EasyCourt/main/client/redux/containers/MainContainer.jsx": {"path":"/Users/robertmayo/Development/Codesmith/projects/EasyCourt/main/client/redux/containers/MainContainer.jsx","statementMap":{"0":{"start":{"line":7,"column":22},"end":{"line":18,"column":1}},"1":{"start":{"line":8,"column":4},"end":{"line":17,"column":6}}},"fnMap":{"0":{"name":"(anonymous_0)","decl":{"start":{"line":7,"column":22},"end":{"line":7,"column":23}},"loc":{"start":{"line":7,"column":28},"end":{"line":18,"column":1}},"line":7}},"branchMap":{},"s":{"0":1,"1":0},"f":{"0":0},"b":{},"_coverageSchema":"1a1c01bbd47fc00a2c39e90264f33305004495a9","hash":"aeba565d3fc6f403f5feaa3578fa773c45db231f"}
,"/Users/robertmayo/Development/Codesmith/projects/EasyCourt/main/client/redux/containers/ResultsContainer.jsx": {"path":"/Users/robertmayo/Development/Codesmith/projects/EasyCourt/main/client/redux/containers/ResultsContainer.jsx","statementMap":{"0":{"start":{"line":9,"column":16},"end":{"line":39,"column":1}},"1":{"start":{"line":11,"column":20},"end":{"line":11,"column":57}},"2":{"start":{"line":11,"column":43},"end":{"line":11,"column":56}},"3":{"start":{"line":13,"column":28},"end":{"line":17,"column":6}},"4":{"start":{"line":14,"column":6},"end":{"line":16,"column":13}},"5":{"start":{"line":19,"column":4},"end":{"line":38,"column":6}}},"fnMap":{"0":{"name":"(anonymous_0)","decl":{"start":{"line":9,"column":16},"end":{"line":9,"column":17}},"loc":{"start":{"line":9,"column":22},"end":{"line":39,"column":1}},"line":9},"1":{"name":"(anonymous_1)","decl":{"start":{"line":11,"column":32},"end":{"line":11,"column":33}},"loc":{"start":{"line":11,"column":43},"end":{"line":11,"column":56}},"line":11},"2":{"name":"(anonymous_2)","decl":{"start":{"line":13,"column":40},"end":{"line":13,"column":41}},"loc":{"start":{"line":14,"column":6},"end":{"line":16,"column":13}},"line":14}},"branchMap":{"0":{"loc":{"start":{"line":21,"column":13},"end":{"line":36,"column":13}},"type":"binary-expr","locations":[{"start":{"line":21,"column":13},"end":{"line":21,"column":31}},{"start":{"line":22,"column":16},"end":{"line":35,"column":24}}],"line":21}},"s":{"0":1,"1":0,"2":0,"3":0,"4":0,"5":0},"f":{"0":0,"1":0,"2":0},"b":{"0":[0,0]},"_coverageSchema":"1a1c01bbd47fc00a2c39e90264f33305004495a9","hash":"56376f418a335d7c33da88a4d196a52697359a33"}
,"/Users/robertmayo/Development/Codesmith/projects/EasyCourt/main/client/redux/containers/SearchFormContainer.jsx": {"path":"/Users/robertmayo/Development/Codesmith/projects/EasyCourt/main/client/redux/containers/SearchFormContainer.jsx","statementMap":{"0":{"start":{"line":6,"column":28},"end":{"line":23,"column":1}},"1":{"start":{"line":7,"column":2},"end":{"line":22,"column":6}}},"fnMap":{"0":{"name":"(anonymous_0)","decl":{"start":{"line":6,"column":28},"end":{"line":6,"column":29}},"loc":{"start":{"line":6,"column":34},"end":{"line":23,"column":1}},"line":6}},"branchMap":{},"s":{"0":1,"1":0},"f":{"0":0},"b":{},"_coverageSchema":"1a1c01bbd47fc00a2c39e90264f33305004495a9","hash":"963ac90d8a35df37ef0ba81b4f089345e46ba596"}
,"/Users/robertmayo/Development/Codesmith/projects/EasyCourt/main/client/redux/reducers/favoritesSlice.js": {"path":"/Users/robertmayo/Development/Codesmith/projects/EasyCourt/main/client/redux/reducers/favoritesSlice.js","statementMap":{"0":{"start":{"line":3,"column":21},"end":{"line":3,"column":23}},"1":{"start":{"line":5,"column":30},"end":{"line":19,"column":2}},"2":{"start":{"line":10,"column":8},"end":{"line":10,"column":34}},"3":{"start":{"line":13,"column":22},"end":{"line":13,"column":96}},"4":{"start":{"line":13,"column":57},"end":{"line":13,"column":95}},"5":{"start":{"line":14,"column":8},"end":{"line":16,"column":9}},"6":{"start":{"line":15,"column":10},"end":{"line":15,"column":33}},"7":{"start":{"line":21,"column":50},"end":{"line":21,"column":72}}},"fnMap":{"0":{"name":"(anonymous_0)","decl":{"start":{"line":9,"column":6},"end":{"line":9,"column":7}},"loc":{"start":{"line":9,"column":36},"end":{"line":11,"column":7}},"line":9},"1":{"name":"(anonymous_1)","decl":{"start":{"line":12,"column":22},"end":{"line":12,"column":23}},"loc":{"start":{"line":12,"column":41},"end":{"line":17,"column":7}},"line":12},"2":{"name":"(anonymous_2)","decl":{"start":{"line":13,"column":38},"end":{"line":13,"column":39}},"loc":{"start":{"line":13,"column":57},"end":{"line":13,"column":95}},"line":13}},"branchMap":{"0":{"loc":{"start":{"line":14,"column":8},"end":{"line":16,"column":9}},"type":"if","locations":[{"start":{"line":14,"column":8},"end":{"line":16,"column":9}},{"start":{},"end":{}}],"line":14}},"s":{"0":1,"1":1,"2":0,"3":0,"4":0,"5":0,"6":0,"7":1},"f":{"0":0,"1":0,"2":0},"b":{"0":[0,0]},"_coverageSchema":"1a1c01bbd47fc00a2c39e90264f33305004495a9","hash":"d4aa8d16d4c53d0134e6a83883efd9506c007860"}
,"/Users/robertmayo/Development/Codesmith/projects/EasyCourt/main/client/redux/reducers/mapSlice.js": {"path":"/Users/robertmayo/Development/Codesmith/projects/EasyCourt/main/client/redux/reducers/mapSlice.js","statementMap":{"0":{"start":{"line":5,"column":23},"end":{"line":21,"column":4}},"1":{"start":{"line":8,"column":29},"end":{"line":8,"column":43}},"2":{"start":{"line":9,"column":4},"end":{"line":20,"column":5}},"3":{"start":{"line":10,"column":21},"end":{"line":13,"column":8}},"4":{"start":{"line":15,"column":6},"end":{"line":19,"column":9}},"5":{"start":{"line":16,"column":30},"end":{"line":16,"column":81}},"6":{"start":{"line":17,"column":28},"end":{"line":17,"column":30}},"7":{"start":{"line":18,"column":8},"end":{"line":18,"column":71}},"8":{"start":{"line":23,"column":17},"end":{"line":38,"column":2}},"9":{"start":{"line":31,"column":12},"end":{"line":31,"column":49}},"10":{"start":{"line":32,"column":12},"end":{"line":32,"column":45}},"11":{"start":{"line":35,"column":10},"end":{"line":35,"column":51}},"12":{"start":{"line":40,"column":48},"end":{"line":40,"column":64}}},"fnMap":{"0":{"name":"(anonymous_0)","decl":{"start":{"line":7,"column":4},"end":{"line":7,"column":5}},"loc":{"start":{"line":7,"column":41},"end":{"line":21,"column":3}},"line":7},"1":{"name":"(anonymous_1)","decl":{"start":{"line":15,"column":31},"end":{"line":15,"column":32}},"loc":{"start":{"line":15,"column":37},"end":{"line":19,"column":7}},"line":15},"2":{"name":"(anonymous_2)","decl":{"start":{"line":30,"column":16},"end":{"line":30,"column":17}},"loc":{"start":{"line":30,"column":35},"end":{"line":33,"column":9}},"line":30},"3":{"name":"(anonymous_3)","decl":{"start":{"line":34,"column":30},"end":{"line":34,"column":31}},"loc":{"start":{"line":34,"column":49},"end":{"line":36,"column":9}},"line":34}},"branchMap":{"0":{"loc":{"start":{"line":9,"column":4},"end":{"line":20,"column":5}},"type":"if","locations":[{"start":{"line":9,"column":4},"end":{"line":20,"column":5}},{"start":{},"end":{}}],"line":9},"1":{"loc":{"start":{"line":9,"column":8},"end":{"line":9,"column":24}},"type":"binary-expr","locations":[{"start":{"line":9,"column":8},"end":{"line":9,"column":15}},{"start":{"line":9,"column":19},"end":{"line":9,"column":24}}],"line":9}},"s":{"0":1,"1":0,"2":0,"3":0,"4":0,"5":0,"6":0,"7":0,"8":1,"9":0,"10":0,"11":0,"12":1},"f":{"0":0,"1":0,"2":0,"3":0},"b":{"0":[0,0],"1":[0,0]},"_coverageSchema":"1a1c01bbd47fc00a2c39e90264f33305004495a9","hash":"766d970cdcccceac6991446c9f2c280e3b179f9c"}
,"/Users/robertmayo/Development/Codesmith/projects/EasyCourt/main/client/redux/reducers/resultsSlice.js": {"path":"/Users/robertmayo/Development/Codesmith/projects/EasyCourt/main/client/redux/reducers/resultsSlice.js","statementMap":{"0":{"start":{"line":3,"column":21},"end":{"line":5,"column":1}},"1":{"start":{"line":9,"column":28},"end":{"line":21,"column":2}},"2":{"start":{"line":14,"column":6},"end":{"line":14,"column":32}},"3":{"start":{"line":18,"column":6},"end":{"line":18,"column":16}},"4":{"start":{"line":24,"column":46},"end":{"line":24,"column":66}}},"fnMap":{"0":{"name":"(anonymous_0)","decl":{"start":{"line":13,"column":4},"end":{"line":13,"column":5}},"loc":{"start":{"line":13,"column":32},"end":{"line":15,"column":5}},"line":13},"1":{"name":"(anonymous_1)","decl":{"start":{"line":17,"column":4},"end":{"line":17,"column":5}},"loc":{"start":{"line":17,"column":32},"end":{"line":19,"column":5}},"line":17}},"branchMap":{},"s":{"0":1,"1":1,"2":0,"3":0,"4":1},"f":{"0":0,"1":0},"b":{},"_coverageSchema":"1a1c01bbd47fc00a2c39e90264f33305004495a9","hash":"03c8bd646d5a712c77c4c809e679166650ff1c6a"}
}
